生成启动时间为 2018/5/4 9:33:44。
     1>项目“D:\Documents\Desktop\headShoot\c++\MonsterGame\MonsterGame\MonsterGame.vcxproj”在节点 2 上(Build 个目标)。
     1>ClCompile:
         C:\Program Files (x86)\Microsoft Visual Studio 12.0\VC\bin\CL.exe /c /ZI /nologo /W3 /WX- /sdl /Od /Oy- /D WIN32 /D _DEBUG /D _CONSOLE /D _LIB /D _UNICODE /D UNICODE /Gm /EHsc /RTC1 /MDd /GS /fp:precise /Zc:wchar_t /Zc:forScope /Fo"Debug\\" /Fd"Debug\vc120.pdb" /Gd /TP /analyze- /errorReport:prompt MonsterGame.cpp
         MonsterGame.cpp
       Link:
         C:\Program Files (x86)\Microsoft Visual Studio 12.0\VC\bin\link.exe /ERRORREPORT:PROMPT /OUT:"D:\Documents\Desktop\headShoot\c++\MonsterGame\Debug\MonsterGame.exe" /INCREMENTAL /NOLOGO kernel32.lib user32.lib gdi32.lib winspool.lib comdlg32.lib advapi32.lib shell32.lib ole32.lib oleaut32.lib uuid.lib odbc32.lib odbccp32.lib /MANIFEST /MANIFESTUAC:"level='asInvoker' uiAccess='false'" /manifest:embed /DEBUG /PDB:"D:\Documents\Desktop\headShoot\c++\MonsterGame\Debug\MonsterGame.pdb" /SUBSYSTEM:CONSOLE /TLBID:1 /DYNAMICBASE /NXCOMPAT /IMPLIB:"D:\Documents\Desktop\headShoot\c++\MonsterGame\Debug\MonsterGame.lib" /MACHINE:X86 Debug\City.obj
         Debug\Lion.obj
         Debug\Bomb.obj
         Debug\Arrow.obj
         Debug\Dragon.obj
         Debug\GameConfig.obj
         Debug\GameUtils.obj
         Debug\HeadQuarter.obj
         Debug\CityManager.obj
         Debug\Ninjia.obj
         Debug\IceMan.obj
         Debug\MonsterGame.obj
         Debug\Soldier.obj
         Debug\SoldierManager.obj
         Debug\stdafx.obj
         Debug\Sword.obj
         Debug\Weapon.obj
         Debug\Wolf.obj
         Debug\WeaponAux.obj
         MonsterGame.vcxproj -> D:\Documents\Desktop\headShoot\c++\MonsterGame\Debug\MonsterGame.exe
     1>已完成生成项目“D:\Documents\Desktop\headShoot\c++\MonsterGame\MonsterGame\MonsterGame.vcxproj”(Build 个目标)的操作。

生成成功。

已用时间 00:00:01.05
