生成启动时间为 2018/4/29 18:05:19。
     1>项目“D:\Documents\Desktop\headShoot\learn_cplusplus\learn_cplusplus\learn_cplusplus\learn_cplusplus.vcxproj”在节点 2 上(Build 个目标)。
     1>ClCompile:
         C:\Program Files (x86)\Microsoft Visual Studio 12.0\VC\bin\CL.exe /c /ZI /nologo /W3 /WX- /sdl /Od /Oy- /D WIN32 /D _DEBUG /D _CONSOLE /D _LIB /D _UNICODE /D UNICODE /Gm /EHsc /RTC1 /MDd /GS /fp:precise /Zc:wchar_t /Zc:forScope /Yu"stdafx.h" /Fp"Debug\learn_cplusplus.pch" /Fo"Debug\\" /Fd"Debug\vc120.pdb" /Gd /TP /analyze- /errorReport:prompt TestStringClass.cpp
         TestStringClass.cpp
       Link:
         C:\Program Files (x86)\Microsoft Visual Studio 12.0\VC\bin\link.exe /ERRORREPORT:PROMPT /OUT:"D:\Documents\Desktop\headShoot\learn_cplusplus\learn_cplusplus\Debug\learn_cplusplus.exe" /INCREMENTAL /NOLOGO kernel32.lib user32.lib gdi32.lib winspool.lib comdlg32.lib advapi32.lib shell32.lib ole32.lib oleaut32.lib uuid.lib odbc32.lib odbccp32.lib /MANIFEST /MANIFESTUAC:"level='asInvoker' uiAccess='false'" /manifest:embed /DEBUG /PDB:"D:\Documents\Desktop\headShoot\learn_cplusplus\learn_cplusplus\Debug\learn_cplusplus.pdb" /SUBSYSTEM:CONSOLE /TLBID:1 /DYNAMICBASE /NXCOMPAT /IMPLIB:"D:\Documents\Desktop\headShoot\learn_cplusplus\learn_cplusplus\Debug\learn_cplusplus.lib" /MACHINE:X86 Debug\AutoArray.obj
         Debug\FileExcute.obj
         Debug\FilePath.obj
         Debug\learn_cplusplus.obj
         Debug\Graph.obj
         Debug\MyString.obj
         Debug\stdafx.obj
         Debug\TemplateParatice.obj
         Debug\TestClass.obj
         Debug\TestOverloadOperator.obj
         Debug\TestStringClass.obj
         Debug\TestVirtualDestrutorClass.obj
         learn_cplusplus.vcxproj -> D:\Documents\Desktop\headShoot\learn_cplusplus\learn_cplusplus\Debug\learn_cplusplus.exe
     1>已完成生成项目“D:\Documents\Desktop\headShoot\learn_cplusplus\learn_cplusplus\learn_cplusplus\learn_cplusplus.vcxproj”(Build 个目标)的操作。

生成成功。

已用时间 00:00:00.60
